app/build/intermediates/manifest_merge_blame_file/debug/processDebugMainManifest/manifest-merger-blame-debug-report.txt
1<?xml version="1.0" encoding="utf-8"?>
2<manifest xmlns:android="http://schemas.android.com/apk/res/android"
3    package="com.valdeolivar.androidbasic12"
4    android:versionCode="1"
5    android:versionName="1.0" >
6
7    <uses-sdk
8        android:minSdkVersion="21"
9        android:targetSdkVersion="34" />
10
11    <permission
11-->[androidx.core:core:1.13.1] AndroidManifest.xml:22:5-24:47
12        android:name="com.valdeolivar.androidbasic12.DYNAMIC_RECEIVER_NOT_EXPORTED_PERMISSION"
12-->[androidx.core:core:1.13.1] AndroidManifest.xml:23:9-81
13        android:protectionLevel="signature" />
13-->[androidx.core:core:1.13.1] AndroidManifest.xml:24:9-44
14
15    <uses-permission android:name="com.valdeolivar.androidbasic12.DYNAMIC_RECEIVER_NOT_EXPORTED_PERMISSION" />
15-->[androidx.core:core:1.13.1] AndroidManifest.xml:26:5-97
15-->[androidx.core:core:1.13.1] AndroidManifest.xml:26:22-94
16
17    <application
17-->src\main\AndroidManifest.xml:5:5-59:19
18        android:allowBackup="true"
18-->src\main\AndroidManifest.xml:6:9-35
19        android:appComponentFactory="androidx.core.app.CoreComponentFactory"
19-->[androidx.core:core:1.13.1] AndroidManifest.xml:28:18-86
20        android:dataExtractionRules="@xml/data_extraction_rules"
20-->src\main\AndroidManifest.xml:7:9-65
21        android:debuggable="true"
22        android:extractNativeLibs="true"
23        android:fullBackupContent="@xml/backup_rules"
23-->src\main\AndroidManifest.xml:8:9-54
24        android:icon="@mipmap/ic_launcher"
24-->src\main\AndroidManifest.xml:9:9-43
25        android:label="@string/app_name"
25-->src\main\AndroidManifest.xml:10:9-41
26        android:roundIcon="@mipmap/ic_launcher_round"
26-->src\main\AndroidManifest.xml:11:9-54
27        android:supportsRtl="true"
27-->src\main\AndroidManifest.xml:12:9-35
28        android:testOnly="true"
29        android:theme="@style/Theme.AndroidBasic12" >
29-->src\main\AndroidManifest.xml:13:9-52
30        <activity
30-->src\main\AndroidManifest.xml:17:9-20:40
31            android:name="com.valdeolivar.androidbasic12.ejerciciosclase.ejercicio1.actividad.Activity2"
31-->src\main\AndroidManifest.xml:18:13-75
32            android:exported="false"
32-->src\main\AndroidManifest.xml:20:13-37
33            android:theme="@style/AppTheme" />
33-->src\main\AndroidManifest.xml:19:13-44
34        <activity
34-->src\main\AndroidManifest.xml:21:9-30:20
35            android:name="com.valdeolivar.androidbasic12.ejerciciosclase.ejercicio1.actividad.Activity1"
35-->src\main\AndroidManifest.xml:22:13-75
36            android:exported="true"
36-->src\main\AndroidManifest.xml:24:13-36
37            android:theme="@style/AppTheme" >
37-->src\main\AndroidManifest.xml:23:13-44
38            <intent-filter>
38-->src\main\AndroidManifest.xml:25:9-29:25
39                <action android:name="android.intent.action.MAIN" />
39-->src\main\AndroidManifest.xml:26:13-65
39-->src\main\AndroidManifest.xml:26:21-62
40
41                <category android:name="android.intent.category.LAUNCHER" />
41-->src\main\AndroidManifest.xml:28:13-73
41-->src\main\AndroidManifest.xml:28:23-70
42            </intent-filter>
43        </activity>
44        <activity
44-->src\main\AndroidManifest.xml:32:9-34:39
45            android:name="com.valdeolivar.androidbasic12.ejerciciosclase.ejercicio1.actividad.IntentImplicitoActivity"
45-->src\main\AndroidManifest.xml:33:13-89
46            android:exported="false" />
46-->src\main\AndroidManifest.xml:34:13-37
47        <activity
47-->src\main\AndroidManifest.xml:35:9-37:40
48            android:name="com.valdeolivar.androidbasic12.ejerciciosclase.ejercicio1.actividad.LifeCycleActivity"
48-->src\main\AndroidManifest.xml:36:13-83
49            android:exported="false" />
49-->src\main\AndroidManifest.xml:37:13-37
50        <activity
50-->src\main\AndroidManifest.xml:38:9-40:40
51            android:name="com.valdeolivar.androidbasic12.ejerciciosclase.ejercicio1.explicitintent.ThirdActivity"
51-->src\main\AndroidManifest.xml:39:13-84
52            android:exported="false" />
52-->src\main\AndroidManifest.xml:40:13-37
53        <activity
53-->src\main\AndroidManifest.xml:41:9-43:40
54            android:name="com.valdeolivar.androidbasic12.ejerciciosclase.ejercicio1.explicitintent.SecondActivity"
54-->src\main\AndroidManifest.xml:42:13-85
55            android:exported="false" />
55-->src\main\AndroidManifest.xml:43:13-37
56        <activity
56-->src\main\AndroidManifest.xml:44:9-46:39
57            android:name="com.valdeolivar.androidbasic12.ejerciciosclase.ejercicio1.explicitintent.HomeActivity"
57-->src\main\AndroidManifest.xml:45:13-83
58            android:exported="true" />
58-->src\main\AndroidManifest.xml:46:13-36
59        <activity
59-->src\main\AndroidManifest.xml:47:9-49:40
60            android:name="com.valdeolivar.androidbasic12.ejerciciosclase.ejercicio1.ImplicitIntentActivity"
60-->src\main\AndroidManifest.xml:48:13-78
61            android:exported="false" />
61-->src\main\AndroidManifest.xml:49:13-37
62        <activity
62-->src\main\AndroidManifest.xml:50:9-52:40
63            android:name="com.valdeolivar.androidbasic12.ejerciciosclase.ejercicio1.ExampleActivity"
63-->src\main\AndroidManifest.xml:51:13-71
64            android:exported="false" />
64-->src\main\AndroidManifest.xml:52:13-37
65        <activity
65-->src\main\AndroidManifest.xml:53:9-55:40
66            android:name="com.valdeolivar.androidbasic12.ejerciciosclase.ejercicio1.CreationExample2Activity"
66-->src\main\AndroidManifest.xml:54:13-80
67            android:exported="false" />
67-->src\main\AndroidManifest.xml:55:13-37
68        <activity
68-->src\main\AndroidManifest.xml:56:9-58:40
69            android:name="com.valdeolivar.androidbasic12.ejerciciosclase.ejercicio1.MainActivity"
69-->src\main\AndroidManifest.xml:57:13-68
70            android:exported="false" />
70-->src\main\AndroidManifest.xml:58:13-37
71
72        <provider
72-->[androidx.emoji2:emoji2:1.2.0] AndroidManifest.xml:24:9-32:20
73            android:name="androidx.startup.InitializationProvider"
73-->[androidx.emoji2:emoji2:1.2.0] AndroidManifest.xml:25:13-67
74            android:authorities="com.valdeolivar.androidbasic12.androidx-startup"
74-->[androidx.emoji2:emoji2:1.2.0] AndroidManifest.xml:26:13-68
75            android:exported="false" >
75-->[androidx.emoji2:emoji2:1.2.0] AndroidManifest.xml:27:13-37
76            <meta-data
76-->[androidx.emoji2:emoji2:1.2.0] AndroidManifest.xml:29:13-31:52
77                android:name="androidx.emoji2.text.EmojiCompatInitializer"
77-->[androidx.emoji2:emoji2:1.2.0] AndroidManifest.xml:30:17-75
78                android:value="androidx.startup" />
78-->[androidx.emoji2:emoji2:1.2.0] AndroidManifest.xml:31:17-49
79            <meta-data
79-->[androidx.lifecycle:lifecycle-process:2.6.2] AndroidManifest.xml:29:13-31:52
80                android:name="androidx.lifecycle.ProcessLifecycleInitializer"
80-->[androidx.lifecycle:lifecycle-process:2.6.2] AndroidManifest.xml:30:17-78
81                android:value="androidx.startup" />
81-->[androidx.lifecycle:lifecycle-process:2.6.2] AndroidManifest.xml:31:17-49
82            <meta-data
82-->[androidx.profileinstaller:profileinstaller:1.3.1] AndroidManifest.xml:29:13-31:52
83                android:name="androidx.profileinstaller.ProfileInstallerInitializer"
83-->[androidx.profileinstaller:profileinstaller:1.3.1] AndroidManifest.xml:30:17-85
84                android:value="androidx.startup" />
84-->[androidx.profileinstaller:profileinstaller:1.3.1] AndroidManifest.xml:31:17-49
85        </provider>
86
87        <receiver
87-->[androidx.profileinstaller:profileinstaller:1.3.1] AndroidManifest.xml:34:9-52:20
88            android:name="androidx.profileinstaller.ProfileInstallReceiver"
88-->[androidx.profileinstaller:profileinstaller:1.3.1] AndroidManifest.xml:35:13-76
89            android:directBootAware="false"
89-->[androidx.profileinstaller:profileinstaller:1.3.1] AndroidManifest.xml:36:13-44
90            android:enabled="true"
90-->[androidx.profileinstaller:profileinstaller:1.3.1] AndroidManifest.xml:37:13-35
91            android:exported="true"
91-->[androidx.profileinstaller:profileinstaller:1.3.1] AndroidManifest.xml:38:13-36
92            android:permission="android.permission.DUMP" >
92-->[androidx.profileinstaller:profileinstaller:1.3.1] AndroidManifest.xml:39:13-57
93            <intent-filter>
93-->[androidx.profileinstaller:profileinstaller:1.3.1] AndroidManifest.xml:40:13-42:29
94                <action android:name="androidx.profileinstaller.action.INSTALL_PROFILE" />
94-->[androidx.profileinstaller:profileinstaller:1.3.1] AndroidManifest.xml:41:17-91
94-->[androidx.profileinstaller:profileinstaller:1.3.1] AndroidManifest.xml:41:25-88
95            </intent-filter>
96            <intent-filter>
96-->[androidx.profileinstaller:profileinstaller:1.3.1] AndroidManifest.xml:43:13-45:29
97                <action android:name="androidx.profileinstaller.action.SKIP_FILE" />
97-->[androidx.profileinstaller:profileinstaller:1.3.1] AndroidManifest.xml:44:17-85
97-->[androidx.profileinstaller:profileinstaller:1.3.1] AndroidManifest.xml:44:25-82
98            </intent-filter>
99            <intent-filter>
99-->[androidx.profileinstaller:profileinstaller:1.3.1] AndroidManifest.xml:46:13-48:29
100                <action android:name="androidx.profileinstaller.action.SAVE_PROFILE" />
100-->[androidx.profileinstaller:profileinstaller:1.3.1] AndroidManifest.xml:47:17-88
100-->[androidx.profileinstaller:profileinstaller:1.3.1] AndroidManifest.xml:47:25-85
101            </intent-filter>
102            <intent-filter>
102-->[androidx.profileinstaller:profileinstaller:1.3.1] AndroidManifest.xml:49:13-51:29
103                <action android:name="androidx.profileinstaller.action.BENCHMARK_OPERATION" />
103-->[androidx.profileinstaller:profileinstaller:1.3.1] AndroidManifest.xml:50:17-95
103-->[androidx.profileinstaller:profileinstaller:1.3.1] AndroidManifest.xml:50:25-92
104            </intent-filter>
105        </receiver>
106    </application>
107
108</manifest>